<?xml version='1.0' encoding='UTF-8'?>
<testsuite hostname="192.168.1.130" name="ReceiptPrinterSpec" tests="7" errors="0" failures="0" skipped="0" time="0.02" timestamp="2024-07-18T17:24:22">
          <properties>
[...]
</properties>
          <testcase classname="ReceiptPrinterSpec" name="A ReceiptPrinter should format a receipt which contains the name of the cafe" time="0.01">
                      
                    </testcase><testcase classname="ReceiptPrinterSpec" name="A ReceiptPrinter should format a receipt which format a reciept which contains the address of the cafe" time="0.0">
                      
                    </testcase><testcase classname="ReceiptPrinterSpec" name="A ReceiptPrinter should format a receipt which format a reciept which contains the phone number of the cafe" time="0.0">
                      
                    </testcase><testcase classname="ReceiptPrinterSpec" name="A ReceiptPrinter should format a receipt which format a reciept which contains an order from the menu" time="0.0">
                      
                    </testcase><testcase classname="ReceiptPrinterSpec" name="A ReceiptPrinter should Till should show a menu which shows a list of drinks and food" time="0.008">
                      
                    </testcase><testcase classname="ReceiptPrinterSpec" name="A ReceiptPrinter should Till should A Till when add an item to an order which Pick an item from the menu and add to the order" time="0.001">
                      
                    </testcase><testcase classname="ReceiptPrinterSpec" name="A ReceiptPrinter should Till should A Till when throw IllegalArgumentException if the item is not on menu" time="0.001">
                      
                    </testcase>
          <system-out><![CDATA[]]></system-out>
          <system-err><![CDATA[]]></system-err>
        </testsuite>